{"timestamp":"2024-03-18T20:14:05Z","event_id":4692,"event_source":"Microsoft-Windows-DataProtectionManagement","event_type":"DPAPI_RECOVERY_SUCCESS","host":"WIN-CI","target_user":"ZA-LAB\\dpapi.test","master_key_guid":"7c9e6679-7425-40de-944b-e07fc1f90ae7","agent_thumbprint":"92B5C4F3C6E81BD2A2393E311410C67F6A589F79","recovery_certificate":"CN=Zaevrynth Recovery,OU=Key Recovery,DC=za,DC=lab"}
{"timestamp":"2024-03-18T20:14:07Z","event_id":4693,"event_source":"Microsoft-Windows-DataProtectionManagement","event_type":"DPAPI_AUDIT_LOGGED","host":"WIN-CI","target_user":"ZA-LAB\\dpapi.test","master_key_guid":"7c9e6679-7425-40de-944b-e07fc1f90ae7","details":"Audit event recorded for WSL bridge session"}
{"timestamp":"2024-03-18T20:15:11Z","event_id":4692,"event_source":"Microsoft-Windows-DataProtectionManagement","event_type":"DPAPI_RECOVERY_SUCCESS","host":"WIN-CI","target_user":"ZA-LAB\\dpapi.rotate","master_key_guid":"e02fd0e4-00fd-090A-ca30-0d00a0038ba0","agent_thumbprint":"92B5C4F3C6E81BD2A2393E311410C67F6A589F79","recovery_certificate":"CN=Zaevrynth Recovery,OU=Key Recovery,DC=za,DC=lab"}
